Starting Dynare (version 6.5).
Calling Dynare with arguments: none
Preprocessing time: 0h00m00s.

STEADY-STATE RESULTS:

c           		 0.820591
h           		 0.297928
k           		 11.3181
x           		 0.282952
y           		 1.10354
w           		 2.3706
r           		 0.035101
p_hat       		 1.21863
z           		 1
k_state     		 11.3181
log_y       		 0.098526
log_c       		 -0.19773
log_x       		 -1.26248
log_h       		 -1.2109
log_k_state 		 2.4264
log_prod    		 1.30943
log_p_hat   		 0.19773


Residuals of the static equations:
Equation number  1: 1           :       0.000000
Equation number  2: 2           :       0.000000
Equation number  3: 3           :       0.000000
Equation number  4: 4           :       0.000000
Equation number  5: w           :       0.000000
Equation number  6: r           :       0.000000
Equation number  7: y           :       0.000000
Equation number  8: x           :       0.000000
Equation number  9: 9           :       0.000000
Equation number 10: k_state     :       0.000000
Equation number 11: log_y       :       0.000000
Equation number 12: log_c       :       0.000000
Equation number 13: log_x       :       0.000000
Equation number 14: log_h       :       0.000000
Equation number 15: log_k_state :       0.000000
Equation number 16: log_prod    :       0.000000
Equation number 17: log_p_hat   :       0.000000



EIGENVALUES:
         Modulus             Real        Imaginary
          0.9418           0.9418                0
            0.95             0.95                0
           1.073            1.073                0
       1.209e+08        1.209e+08                0
       1.209e+08       -1.209e+08                0
       3.142e+17       -3.142e+17                0

There are 4 eigenvalue(s) larger than 1 in modulus for 4 forward-looking variable(s)
The rank condition is verified.


MODEL SUMMARY

  Number of variables:         17
  Number of stochastic shocks: 1
  Number of state variables:   2
  Number of jumpers:           4
  Number of static variables:  11


MATRIX OF COVARIANCE OF EXOGENOUS SHOCKS
Variables     epsilon
epsilon      0.000052

POLICY AND TRANSITION FUNCTIONS
                                   log_y           log_c           log_x     log_k_state           log_h        log_prod       log_p_hat               z
Constant                        0.098541       -0.197738       -1.262398        2.426400       -1.210880        1.309421        0.197738        1.000000
(correction)                    0.000015       -0.000008        0.000081               0        0.000023       -0.000008        0.000008               0
k(-1)                           0.004856        0.046968       -0.117276        0.088354       -0.042113        0.046968       -0.046968               0
z(-1)                           1.844648        0.446761        5.898676               0        1.397887        0.446761       -0.446761        0.950000
epsilon                         1.941734        0.470274        6.209133               0        1.471460        0.470274       -0.470274        1.000000
k(-1),k(-1)                    -0.000626       -0.001843       -0.007127       -0.003903        0.001217       -0.001843        0.001843               0
z(-1),k(-1)                     0.021321       -0.011993        0.783785               0        0.033314       -0.011993        0.011993               0
z(-1),z(-1)                    -1.121933       -0.111100      -15.104569               0       -1.010832       -0.111100        0.111100       -0.023750
epsilon,epsilon                -0.221173        0.124410      -13.468400               0       -0.345583        0.124410       -0.124410        0.500000
k(-1),epsilon                   0.022443       -0.012624        0.825037               0        0.035068       -0.012624        0.012624               0
z(-1),epsilon                  -0.420229        0.236379      -25.589960               0       -0.656608        0.236379       -0.236379        0.950000


MOMENTS OF SIMULATED VARIABLES (HP filter, lambda = 1600)
VARIABLE                 MEAN       STD. DEV.        VARIANCE        SKEWNESS        KURTOSIS
log_y                0.089295        0.018906        0.000357        0.027270       -0.134832
log_c               -0.205610        0.005712        0.000033        0.042750        0.035714
log_x               -1.279701        0.060064        0.003608       -0.121650       -0.074160
log_k_state          2.415468        0.005785        0.000033       -0.089449        1.290099
log_h               -1.212253        0.014341        0.000206        0.002495       -0.065379
log_prod             1.301549        0.005712        0.000033        0.042750        0.035714
log_p_hat            0.205610        0.005712        0.000033       -0.042750        0.035714
z                    0.995928        0.009752        0.000095        0.067196       -0.090585


CORRELATION OF SIMULATED VARIABLES (HP filter, lambda = 1600)
VARIABLE             log_y        log_c        log_x  log_k_state        log_h     log_prod    log_p_hat            z
log_y               1.0000       0.8538       0.9882       0.1000       0.9783       0.8538      -0.8538       0.9995
log_c               0.8538       1.0000       0.7714       0.6033       0.7273       1.0000      -1.0000       0.8452
log_x               0.9882       0.7714       1.0000      -0.0383       0.9955       0.7714      -0.7714       0.9885
log_k_state         0.1000       0.6033      -0.0383       1.0000      -0.1084       0.6033      -0.6033       0.0842
log_h               0.9783       0.7273       0.9955      -0.1084       1.0000       0.7273      -0.7273       0.9811
log_prod            0.8538       1.0000       0.7714       0.6033       0.7273       1.0000      -1.0000       0.8452
log_p_hat          -0.8538      -1.0000      -0.7714      -0.6033      -0.7273      -1.0000       1.0000      -0.8452
z                   0.9995       0.8452       0.9885       0.0842       0.9811       0.8452      -0.8452       1.0000


AUTOCORRELATION OF SIMULATED VARIABLES (HP filter, lambda = 1600)
VARIABLE             1        2        3        4        5
log_y           0.7326   0.5129   0.3328   0.1576   0.0190
log_c           0.8421   0.6844   0.5294   0.3642   0.2133
log_x           0.7150   0.4857   0.3002   0.1229  -0.0111
log_k_state     0.9620   0.8701   0.7394   0.5845   0.4193
log_h           0.7189   0.4907   0.3066   0.1300  -0.0070
log_prod        0.8421   0.6844   0.5294   0.3642   0.2133
log_p_hat       0.8421   0.6844   0.5294   0.3642   0.2133
z               0.7341   0.5146   0.3350   0.1601   0.0207
SUCCESS: Steady-state values exported to steady_state_values.csv
Total computing time : 0h00m23s
Note: warning(s) encountered in MATLAB/Octave code
