Starting Dynare (version 6.5).
Calling Dynare with arguments: none
Preprocessing time: 0h00m00s.

STEADY-STATE RESULTS:

c           		 0.713558
h           		 0.259068
k           		 9.8418
x           		 0.246045
y           		 0.959603
w           		 2.3706
r           		 0.035101
phat        		 1.40143
z           		 1
g           		 1.15
k_state     		 9.8418
log_y       		 -0.0412359
log_c       		 -0.337492
log_x       		 -1.40224
log_h       		 -1.35067
log_k_state 		 2.28664
log_prod    		 1.30943
log_phat    		 0.337492


Residuals of the static equations:
Equation number  1: 1           :       0.000000
Equation number  2: 2           :       0.000000
Equation number  3: 3           :       0.000000
Equation number  4: 4           :       0.000000
Equation number  5: w           :       0.000000
Equation number  6: r           :       0.000000
Equation number  7: y           :       0.000000
Equation number  8: x           :       0.000000
Equation number  9: 9           :       0.000000
Equation number 10: 10          :       0.000000
Equation number 11: k_state     :       0.000000
Equation number 12: log_y       :       0.000000
Equation number 13: log_c       :       0.000000
Equation number 14: log_x       :       0.000000
Equation number 15: log_h       :       0.000000
Equation number 16: log_k_state :       0.000000
Equation number 17: log_prod    :       0.000000
Equation number 18: log_phat    :       0.000000



EIGENVALUES:
         Modulus             Real        Imaginary
            0.48             0.48                0
          0.9418           0.9418                0
            0.95             0.95                0
           1.073            1.073                0
       1.391e+15       -1.391e+15                0
       6.587e+16        6.587e+16                0
             Inf              Inf                0
             Inf              Inf                0

There are 5 eigenvalue(s) larger than 1 in modulus for 5 forward-looking variable(s)
The rank condition is verified.


MODEL SUMMARY

  Number of variables:         18
  Number of stochastic shocks: 2
  Number of state variables:   3
  Number of jumpers:           5
  Number of static variables:  11


MATRIX OF COVARIANCE OF EXOGENOUS SHOCKS
Variables     epsilon        xi
epsilon      0.000052  0.000000
xi           0.000000  0.000000

POLICY AND TRANSITION FUNCTIONS
                                   log_y           log_c           log_x     log_k_state           log_h        log_prod        log_phat
Constant                       -0.041221       -0.337500       -1.402160        2.286638       -1.350642        1.309421        0.337500
(correction)                    0.000015       -0.000008        0.000081               0        0.000023       -0.000008        0.000008
k(-1)                           0.005584        0.054013       -0.134867        0.101607       -0.048429        0.054013       -0.054013
z(-1)                           1.844648        0.446761        5.898676               0        1.397887        0.446761       -0.446761
g(-1)                          -0.023169       -0.187315        0.452875               0       -0.036201        0.013032        0.187315
epsilon                         1.941734        0.470274        6.209133               0        1.471460        0.470274       -0.470274
xi                             -0.055508       -0.448777        1.085014               0       -0.086732        0.031223        0.448777
k(-1),k(-1)                    -0.000828       -0.002438       -0.009425       -0.005162        0.001609       -0.002438        0.002438
z(-1),k(-1)                     0.024519       -0.013792        0.901352               0        0.038311       -0.013792        0.013792
z(-1),z(-1)                    -1.121933       -0.111100      -15.104569               0       -1.010832       -0.111100        0.111100
g(-1),k(-1)                     0.000547       -0.000307        0.092939               0        0.000854       -0.000307        0.000307
g(-1),z(-1)                     0.000982       -0.000552       -2.589920               0        0.001534       -0.000552        0.000552
g(-1),g(-1)                     0.011586        0.080591       -0.340915               0        0.018103       -0.006517       -0.080591
epsilon,epsilon                -0.221173        0.124410      -13.468400               0       -0.345583        0.124410       -0.124410
xi,epsilon                      0.002476       -0.001393       -6.531598               0        0.003869       -0.001393        0.001393
xi,xi                           0.008682       -0.004884       -0.826636               0        0.013566       -0.004884        0.004884
k(-1),epsilon                   0.025810       -0.014518        0.948792               0        0.040328       -0.014518        0.014518
k(-1),xi                        0.001309       -0.000737        0.222665               0        0.002046       -0.000737        0.000737
z(-1),epsilon                  -0.420229        0.236379      -25.589960               0       -0.656608        0.236379       -0.236379
z(-1),xi                        0.002352       -0.001323       -6.205018               0        0.003675       -0.001323        0.001323
g(-1),epsilon                   0.001034       -0.000581       -2.726232               0        0.001615       -0.000581        0.000581
g(-1),xi                        0.007248       -0.004077       -0.690061               0        0.011325       -0.004077        0.004077


MOMENTS OF SIMULATED VARIABLES (HP filter, lambda = 1600)
VARIABLE                 MEAN       STD. DEV.        VARIANCE        SKEWNESS        KURTOSIS
log_y               -0.050467        0.018906        0.000357        0.027270       -0.134832
log_c               -0.345372        0.005712        0.000033        0.042750        0.035714
log_x               -1.419462        0.060064        0.003608       -0.121650       -0.074160
log_k_state          2.275706        0.005785        0.000033       -0.089449        1.290099
log_h               -1.352015        0.014341        0.000206        0.002495       -0.065379
log_prod             1.301549        0.005712        0.000033        0.042750        0.035714
log_phat             0.345372        0.005712        0.000033       -0.042750        0.035714


CORRELATION OF SIMULATED VARIABLES (HP filter, lambda = 1600)
VARIABLE             log_y        log_c        log_x  log_k_state        log_h     log_prod     log_phat
log_y               1.0000       0.8538       0.9882       0.1000       0.9783       0.8538      -0.8538
log_c               0.8538       1.0000       0.7714       0.6033       0.7273       1.0000      -1.0000
log_x               0.9882       0.7714       1.0000      -0.0383       0.9955       0.7714      -0.7714
log_k_state         0.1000       0.6033      -0.0383       1.0000      -0.1084       0.6033      -0.6033
log_h               0.9783       0.7273       0.9955      -0.1084       1.0000       0.7273      -0.7273
log_prod            0.8538       1.0000       0.7714       0.6033       0.7273       1.0000      -1.0000
log_phat           -0.8538      -1.0000      -0.7714      -0.6033      -0.7273      -1.0000       1.0000


AUTOCORRELATION OF SIMULATED VARIABLES (HP filter, lambda = 1600)
VARIABLE             1        2        3        4        5
log_y           0.7326   0.5129   0.3328   0.1576   0.0190
log_c           0.8421   0.6844   0.5294   0.3642   0.2133
log_x           0.7150   0.4857   0.3002   0.1229  -0.0111
log_k_state     0.9620   0.8701   0.7394   0.5845   0.4193
log_h           0.7189   0.4907   0.3066   0.1300  -0.0070
log_prod        0.8421   0.6844   0.5294   0.3642   0.2133
log_phat        0.8421   0.6844   0.5294   0.3642   0.2133



VARIANCE DECOMPOSITION SIMULATING ONE SHOCK AT A TIME (in percent) (HP filter, lambda = 1600)
                        epsilon                xi  Tot. lin. contr.
log_y                    100.11              0.00            100.11
log_c                    100.11              0.00            100.11
log_x                    100.11              0.00            100.11
log_k_state              100.11              0.00            100.11
log_h                    100.11              0.00            100.11
log_prod                 100.11              0.00            100.11
log_phat                 100.11              0.00            100.11
Note: numbers do not add up to 100 due to i) non-zero correlation of simulated shocks in small samples and ii) nonlinearity

Total computing time : 0h00m16s
Note: warning(s) encountered in MATLAB/Octave code
