Starting Dynare (version 6.5).
Calling Dynare with arguments: none
Preprocessing time: 0h00m01s.

STEADY-STATE RESULTS:

c           		 0.808465
h           		 0.293525
k           		 11.1508
x           		 0.27877
y           		 1.08723
w           		 2.3706
r           		 0.035101
phat        		 1.23691
z           		 1
g           		 1.015
k_state     		 11.1508
log_y       		 0.0836374
log_c       		 -0.212618
log_x       		 -1.27737
log_h       		 -1.22579
log_k_state 		 2.41151
log_prod    		 1.30943
log_phat    		 0.212618


Residuals of the static equations:
Equation number  1: 1           :       0.000000
Equation number  2: 2           :       0.000000
Equation number  3: 3           :       0.000000
Equation number  4: 4           :       0.000000
Equation number  5: w           :       0.000000
Equation number  6: r           :       0.000000
Equation number  7: y           :       0.000000
Equation number  8: x           :       0.000000
Equation number  9: 9           :       0.000000
Equation number 10: 10          :       0.000000
Equation number 11: k_state     :       0.000000
Equation number 12: log_y       :       0.000000
Equation number 13: log_c       :       0.000000
Equation number 14: log_x       :       0.000000
Equation number 15: log_h       :       0.000000
Equation number 16: log_k_state :       0.000000
Equation number 17: log_prod    :       0.000000
Equation number 18: log_phat    :       0.000000



EIGENVALUES:
         Modulus             Real        Imaginary
            0.48             0.48                0
          0.9418           0.9418                0
            0.95             0.95                0
           1.073            1.073                0
       1.389e+18        1.389e+18                0
             Inf             -Inf                0
             Inf              Inf                0
             Inf             -Inf                0

There are 5 eigenvalue(s) larger than 1 in modulus for 5 forward-looking variable(s)
The rank condition is verified.


MODEL SUMMARY

  Number of variables:         18
  Number of stochastic shocks: 2
  Number of state variables:   3
  Number of jumpers:           5
  Number of static variables:  11


MATRIX OF COVARIANCE OF EXOGENOUS SHOCKS
Variables     epsilon        xi
epsilon      0.000052  0.000000
xi           0.000000  0.000000

POLICY AND TRANSITION FUNCTIONS
                                   log_y           log_c           log_x     log_k_state           log_h        log_prod        log_phat               z
Constant                        0.083652       -0.212627       -1.277287        2.411512       -1.225769        1.309421        0.212627        1.000000
(correction)                    0.000015       -0.000008        0.000081               0        0.000023       -0.000008        0.000008               0
k(-1)                           0.004928        0.047673       -0.119035        0.089680       -0.042744        0.047673       -0.047673               0
z(-1)                           1.844648        0.446761        5.898676               0        1.397887        0.446761       -0.446761        0.950000
g(-1)                          -0.026250       -0.212229        0.513110               0       -0.041016        0.014766        0.212229               0
epsilon                         1.941734        0.470274        6.209133               0        1.471460        0.470274       -0.470274        1.000000
xi                             -0.055508       -0.448777        1.085014               0       -0.086732        0.031223        0.448777               0
k(-1),k(-1)                    -0.000645       -0.001899       -0.007342       -0.004021        0.001254       -0.001899        0.001899               0
z(-1),k(-1)                     0.021641       -0.012173        0.795541               0        0.033814       -0.012173        0.012173               0
z(-1),z(-1)                    -1.121933       -0.111100      -15.104569               0       -1.010832       -0.111100        0.111100       -0.023750
g(-1),k(-1)                     0.000547       -0.000307        0.092939               0        0.000854       -0.000307        0.000307               0
g(-1),z(-1)                     0.001112       -0.000626       -2.934393               0        0.001738       -0.000626        0.000626               0
g(-1),g(-1)                     0.014873        0.103454       -0.437633               0        0.023239       -0.008366       -0.103454               0
epsilon,epsilon                -0.221173        0.124410      -13.468400               0       -0.345583        0.124410       -0.124410        0.500000
xi,epsilon                      0.002476       -0.001393       -6.531598               0        0.003869       -0.001393        0.001393               0
xi,xi                           0.008682       -0.004884       -0.826636               0        0.013566       -0.004884        0.004884               0
k(-1),epsilon                   0.022780       -0.012814        0.837412               0        0.035594       -0.012814        0.012814               0
k(-1),xi                        0.001156       -0.000650        0.196526               0        0.001806       -0.000650        0.000650               0
z(-1),epsilon                  -0.420229        0.236379      -25.589960               0       -0.656608        0.236379       -0.236379        0.950000
z(-1),xi                        0.002352       -0.001323       -6.205018               0        0.003675       -0.001323        0.001323               0
g(-1),epsilon                   0.001171       -0.000659       -3.088834               0        0.001830       -0.000659        0.000659               0
g(-1),xi                        0.008212       -0.004619       -0.781843               0        0.012831       -0.004619        0.004619               0


MOMENTS OF SIMULATED VARIABLES (HP filter, lambda = 1600)
VARIABLE                 MEAN       STD. DEV.        VARIANCE        SKEWNESS        KURTOSIS
log_y                0.074407        0.018906        0.000357        0.027270       -0.134832
log_c               -0.220499        0.005712        0.000033        0.042750        0.035714
log_x               -1.294589        0.060064        0.003608       -0.121650       -0.074160
log_k_state          2.400580        0.005785        0.000033       -0.089449        1.290099
log_h               -1.227142        0.014341        0.000206        0.002495       -0.065379
log_prod             1.301549        0.005712        0.000033        0.042750        0.035714
log_phat             0.220499        0.005712        0.000033       -0.042750        0.035714
z                    0.995928        0.009752        0.000095        0.067196       -0.090585


CORRELATION OF SIMULATED VARIABLES (HP filter, lambda = 1600)
VARIABLE             log_y        log_c        log_x  log_k_state        log_h     log_prod     log_phat            z
log_y               1.0000       0.8538       0.9882       0.1000       0.9783       0.8538      -0.8538       0.9995
log_c               0.8538       1.0000       0.7714       0.6033       0.7273       1.0000      -1.0000       0.8452
log_x               0.9882       0.7714       1.0000      -0.0383       0.9955       0.7714      -0.7714       0.9885
log_k_state         0.1000       0.6033      -0.0383       1.0000      -0.1084       0.6033      -0.6033       0.0842
log_h               0.9783       0.7273       0.9955      -0.1084       1.0000       0.7273      -0.7273       0.9811
log_prod            0.8538       1.0000       0.7714       0.6033       0.7273       1.0000      -1.0000       0.8452
log_phat           -0.8538      -1.0000      -0.7714      -0.6033      -0.7273      -1.0000       1.0000      -0.8452
z                   0.9995       0.8452       0.9885       0.0842       0.9811       0.8452      -0.8452       1.0000


AUTOCORRELATION OF SIMULATED VARIABLES (HP filter, lambda = 1600)
VARIABLE             1        2        3        4        5
log_y           0.7326   0.5129   0.3328   0.1576   0.0190
log_c           0.8421   0.6844   0.5294   0.3642   0.2133
log_x           0.7150   0.4857   0.3002   0.1229  -0.0111
log_k_state     0.9620   0.8701   0.7394   0.5845   0.4193
log_h           0.7189   0.4907   0.3066   0.1300  -0.0070
log_prod        0.8421   0.6844   0.5294   0.3642   0.2133
log_phat        0.8421   0.6844   0.5294   0.3642   0.2133
z               0.7341   0.5146   0.3350   0.1601   0.0207



VARIANCE DECOMPOSITION SIMULATING ONE SHOCK AT A TIME (in percent) (HP filter, lambda = 1600)
                        epsilon                xi  Tot. lin. contr.
log_y                    100.11              0.00            100.11
log_c                    100.11              0.00            100.11
log_x                    100.11              0.00            100.11
log_k_state              100.11              0.00            100.11
log_h                    100.11              0.00            100.11
log_prod                 100.11              0.00            100.11
log_phat                 100.11              0.00            100.11
z                        100.11              0.00            100.11
Note: numbers do not add up to 100 due to i) non-zero correlation of simulated shocks in small samples and ii) nonlinearity


----------------------------------------------------
CALCULATED MOMENTS FOR NOMINAL VARIABLES
Correlation(Output, Nominal Price Level):  -0.8556
----------------------------------------------------
Total computing time : 0h00m27s
Note: warning(s) encountered in MATLAB/Octave code
