Starting Dynare (version 6.5).
Calling Dynare with arguments: none
Preprocessing time: 0h00m02s.

STEADY-STATE RESULTS:

c           		 0.808465
h           		 0.293525
k           		 11.1508
x           		 0.27877
y           		 1.08723
w           		 2.3706
r           		 0.035101
p_hat       		 1.23691
z           		 1
g           		 1.015
k_state     		 11.1508
log_y       		 0.0836374
log_c       		 -0.212618
log_x       		 -1.27737
log_h       		 -1.22579
log_k_state 		 2.41151
log_prod    		 1.30943
log_p_hat   		 0.212618


Residuals of the static equations:
Equation number  1: 1           :       0.000000
Equation number  2: 2           :       0.000000
Equation number  3: 3           :       0.000000
Equation number  4: 4           :       0.000000
Equation number  5: w           :       0.000000
Equation number  6: r           :       0.000000
Equation number  7: y           :       0.000000
Equation number  8: x           :       0.000000
Equation number  9: 9           :       0.000000
Equation number 10: 10          :       0.000000
Equation number 11: k_state     :       0.000000
Equation number 12: log_y       :       0.000000
Equation number 13: log_c       :       0.000000
Equation number 14: log_x       :       0.000000
Equation number 15: log_h       :       0.000000
Equation number 16: log_k_state :       0.000000
Equation number 17: log_prod    :       0.000000
Equation number 18: log_p_hat   :       0.000000



EIGENVALUES:
         Modulus             Real        Imaginary
            0.48             0.48                0
          0.9418           0.9418                0
            0.95             0.95                0
           1.073            1.073                0
       1.389e+18        1.389e+18                0
             Inf             -Inf                0
             Inf              Inf                0
             Inf             -Inf                0

There are 5 eigenvalue(s) larger than 1 in modulus for 5 forward-looking variable(s)
The rank condition is verified.


MODEL SUMMARY

  Number of variables:         18
  Number of stochastic shocks: 2
  Number of state variables:   3
  Number of jumpers:           5
  Number of static variables:  11


MATRIX OF COVARIANCE OF EXOGENOUS SHOCKS
Variables     epsilon        xi
epsilon      0.000052  0.000000
xi           0.000000  0.000081

POLICY AND TRANSITION FUNCTIONS
                                       c               h               k               x               y               w               r           p_hat               z               g         k_state           log_y           log_c           log_x           log_h     log_k_state        log_prod       log_p_hat
Constant                        0.808468        0.293554       11.150869        0.278836        1.087304        2.370513        0.035103        1.236907        1.000000        1.015000       11.150803        0.083701       -0.212614       -1.277132       -1.225692        2.411512        1.309393        0.212614
(correction)                    0.000004        0.000029        0.000066        0.000066        0.000069       -0.000085        0.000002       -0.000006               0               0               0        0.000064        0.000005        0.000236        0.000100               0       -0.000036       -0.000005
k(-1)                           0.038542       -0.012547        0.941817       -0.033183        0.005358        0.113013       -0.002975       -0.058967               0               0        1.000000        0.004928        0.047673       -0.119035       -0.042744        0.089680        0.047673       -0.047673
z(-1)                           0.361190        0.410315        1.644374        1.644374        2.005565        1.059090        0.064749       -0.552604        0.950000               0               0        1.844648        0.446761        5.898676        1.397887               0        0.446761       -0.446761
g(-1)                          -0.171580       -0.012039        0.143040        0.143040       -0.028540        0.035004       -0.000921        0.262509               0        0.480000               0       -0.026250       -0.212229        0.513110       -0.041016               0        0.014766        0.212229
epsilon                         0.380200        0.431911        1.730920        1.730920        2.111121        1.114832        0.068157       -0.581688        1.000000               0               0        1.941734        0.470274        6.209133        1.471460               0        0.470274       -0.470274
xi                             -0.362820       -0.025458        0.302469        0.302469       -0.060351        0.074018       -0.001948        0.555097               0        1.015000               0       -0.055508       -0.448777        1.085014       -0.086732               0        0.031223        0.448777
k(-1),k(-1)                    -0.000617        0.000636       -0.000072       -0.000072       -0.000688       -0.001808        0.000245        0.003754               0               0               0       -0.000645       -0.001899       -0.007342        0.001254       -0.004021       -0.001899        0.001899
z(-1),k(-1)                     0.007377       -0.007613        0.026035        0.026035        0.033413        0.021632       -0.004728        0.041401               0               0               0        0.021641       -0.012173        0.795541        0.033814               0       -0.012173        0.012173
z(-1),z(-1)                    -0.009138       -0.009918        0.639114        0.639114        0.629976       -0.026794        0.020339        0.260862       -0.023750               0               0       -1.121933       -0.111100      -15.104569       -1.010832               0       -0.111100        0.111100
g(-1),k(-1)                    -0.008428        0.000765        0.008882        0.008882        0.000454        0.000940        0.000097       -0.012134               0               0               0        0.000547       -0.000307        0.092939        0.000854               0       -0.000307        0.000307
g(-1),z(-1)                    -0.077161       -0.016319        0.025724        0.025724       -0.051437        0.014155       -0.001661       -0.116505               0               0               0        0.001112       -0.000626       -2.934393        0.001738               0       -0.000626        0.000626
g(-1),g(-1)                     0.101846        0.007068       -0.085301       -0.085301        0.016545       -0.019574        0.000534       -0.100108               0       -0.122956               0        0.014873        0.103454       -0.437633        0.023239               0       -0.008366       -0.103454
epsilon,epsilon                 0.189980        0.216332        1.619170        1.619170        1.809150        0.557064        0.058408       -0.017108        0.500000               0               0       -0.221173        0.124410      -13.468400       -0.345583               0        0.124410       -0.124410
xi,epsilon                     -0.171751       -0.036325        0.057258        0.057258       -0.114493        0.031507       -0.003696       -0.259325               0               0               0        0.002476       -0.001393       -6.531598        0.003869               0       -0.001393        0.001393
xi,xi                           0.077464        0.005086       -0.066350       -0.066350        0.011115       -0.010422        0.000359        0.130598               0        0.507500               0        0.008682       -0.004884       -0.826636        0.013566               0       -0.004884        0.004884
k(-1),epsilon                   0.007766       -0.008014        0.027406        0.027406        0.035171        0.022771       -0.004977        0.043580               0               0               0        0.022780       -0.012814        0.837412        0.035594               0       -0.012814        0.012814
k(-1),xi                       -0.017822        0.001618        0.018781        0.018781        0.000959        0.001987        0.000206       -0.025659               0               0               0        0.001156       -0.000650        0.196526        0.001806               0       -0.000650        0.000650
z(-1),epsilon                   0.360963        0.411031        3.076423        3.076423        3.437386        1.058422        0.110975       -0.032504        0.950000               0               0       -0.420229        0.236379      -25.589960       -0.656608               0        0.236379       -0.236379
z(-1),xi                       -0.163163       -0.034508        0.054395        0.054395       -0.108768        0.029932       -0.003512       -0.246359               0               0               0        0.002352       -0.001323       -6.205018        0.003675               0       -0.001323        0.001323
g(-1),epsilon                  -0.081222       -0.017178        0.027078        0.027078       -0.054144        0.014900       -0.001748       -0.122637               0               0               0        0.001171       -0.000659       -3.088834        0.001830               0       -0.000659        0.000659
g(-1),xi                        0.073267        0.004810       -0.062754       -0.062754        0.010512       -0.009857        0.000339        0.123521               0        0.480000               0        0.008212       -0.004619       -0.781843        0.012831               0       -0.004619        0.004619


MOMENTS OF SIMULATED VARIABLES (HP filter, lambda = 1600)
VARIABLE                 MEAN       STD. DEV.        VARIANCE        SKEWNESS        KURTOSIS
c                    0.793723        0.002739        0.000008       -0.384441       -0.708477
h                    0.305666        0.003333        0.000011       -0.112091       -0.990633
k                   10.697804        0.032864        0.001080        1.144037        0.678260
x                    0.318286        0.013426        0.000180       -0.133507       -1.080245
y                    1.112009        0.013176        0.000174        0.117501       -1.181132
w                    2.327164        0.004176        0.000017        0.264496       -1.245000
r                    0.037585        0.000595        0.000000       -0.199211       -0.927076
p_hat                1.260485        0.004141        0.000017        0.487941       -0.761942
z                    1.012872        0.006633        0.000044        0.045846       -1.131978
g                    1.014966        0.006863        0.000047       -0.205179       -1.054596
k_state             10.645660        0.045168        0.002040        1.022286        0.228193
log_y                0.105167        0.012657        0.000160        0.043425       -1.101973
log_c               -0.231264        0.003363        0.000011       -0.436954       -0.733136
log_x               -1.152076        0.048056        0.002309       -0.284203       -0.830456
log_h               -1.185548        0.011200        0.000125       -0.141126       -0.938833
log_k_state          2.364950        0.004110        0.000017        1.049793        0.379527
log_prod             1.290715        0.001847        0.000003        0.331648       -1.251873
log_p_hat            0.231264        0.003363        0.000011        0.436954       -0.733136


CORRELATION OF SIMULATED VARIABLES (HP filter, lambda = 1600)
VARIABLE                 c            h            k            x            y            w            r        p_hat            z            g      k_state        log_y        log_c        log_x        log_h  log_k_state     log_prod    log_p_hat
c                   1.0000      -0.0675       0.4994      -0.1923       0.0120       0.3673      -0.1176      -0.9938      -0.0403      -0.8567       0.4313      -0.0260       0.9985      -0.2359      -0.0808       0.4296       0.3119      -0.9985
h                  -0.0675       1.0000      -0.7679       0.9871       0.9918       0.7045       0.9986      -0.0128       0.9960       0.4655      -0.8740       0.9969      -0.0277       0.9839       0.9998      -0.8760       0.7693       0.0277
k                   0.4994      -0.7679       1.0000      -0.7696      -0.6804      -0.0915      -0.7965      -0.4218      -0.7139      -0.5850       0.9809      -0.7165       0.4616      -0.8179      -0.7787       0.9792      -0.1884      -0.4616
x                  -0.1923       0.9871      -0.7696       1.0000       0.9790       0.6995       0.9906       0.1163       0.9881       0.5945      -0.8792       0.9853      -0.1548       0.9952       0.9874      -0.8813       0.7647       0.1548
y                   0.0120       0.9918      -0.6804       0.9790       1.0000       0.7891       0.9849      -0.0881       0.9985       0.4276      -0.8062       0.9985       0.0499       0.9650       0.9893      -0.8087       0.8440      -0.0499
w                   0.3673       0.7045      -0.0915       0.6995       0.7891       1.0000       0.6737      -0.4045       0.7618       0.1646      -0.2815       0.7578       0.3863       0.6394       0.6924      -0.2862       0.9944      -0.3863
r                  -0.1176       0.9986      -0.7965       0.9906       0.9849       0.6737       1.0000       0.0367       0.9920       0.5016      -0.8964       0.9924      -0.0775       0.9905       0.9992      -0.8981       0.7419       0.0775
p_hat              -0.9938      -0.0128      -0.4218       0.1163      -0.0881      -0.4045       0.0367       1.0000      -0.0369       0.8303      -0.3503      -0.0518      -0.9984       0.1599       0.0005      -0.3505      -0.3584       0.9984
z                  -0.0403       0.9960      -0.7139       0.9881       0.9985       0.7618       0.9920      -0.0369       1.0000       0.4680      -0.8340       0.9997      -0.0019       0.9778       0.9945      -0.8363       0.8206       0.0019
g                  -0.8567       0.4655      -0.5850       0.5945       0.4276       0.1646       0.5016       0.8303       0.4680       1.0000      -0.6178       0.4508      -0.8449       0.6085       0.4731      -0.6189       0.2204       0.8449
k_state             0.4313      -0.8740       0.9809      -0.8792      -0.8062      -0.2815      -0.8964      -0.3503      -0.8340      -0.6178       1.0000      -0.8350       0.3916      -0.9137      -0.8821       0.9994      -0.3737      -0.3916
log_y              -0.0260       0.9969      -0.7165       0.9853       0.9985       0.7578       0.9924      -0.0518       0.9997       0.4508      -0.8350       1.0000       0.0127       0.9761       0.9955      -0.8374       0.8169      -0.0127
log_c               0.9985      -0.0277       0.4616      -0.1548       0.0499       0.3863      -0.0775      -0.9984      -0.0019      -0.8449       0.3916       0.0127       1.0000      -0.1985      -0.0410       0.3909       0.3355      -1.0000
log_x              -0.2359       0.9839      -0.8179       0.9952       0.9650       0.6394       0.9905       0.1599       0.9778       0.6085      -0.9137       0.9761      -0.1985       1.0000       0.9861      -0.9167       0.7096       0.1985
log_h              -0.0808       0.9998      -0.7787       0.9874       0.9893       0.6924       0.9992       0.0005       0.9945       0.4731      -0.8821       0.9955      -0.0410       0.9861       1.0000      -0.8843       0.7584       0.0410
log_k_state         0.4296      -0.8760       0.9792      -0.8813      -0.8087      -0.2862      -0.8981      -0.3505      -0.8363      -0.6189       0.9994      -0.8374       0.3909      -0.9167      -0.8843       1.0000      -0.3770      -0.3909
log_prod            0.3119       0.7693      -0.1884       0.7647       0.8440       0.9944       0.7419      -0.3584       0.8206       0.2204      -0.3737       0.8169       0.3355       0.7096       0.7584      -0.3770       1.0000      -0.3355
log_p_hat          -0.9985       0.0277      -0.4616       0.1548      -0.0499      -0.3863       0.0775       0.9984       0.0019       0.8449      -0.3916      -0.0127      -1.0000       0.1985       0.0410      -0.3909      -0.3355       1.0000


AUTOCORRELATION OF SIMULATED VARIABLES (HP filter, lambda = 1600)
VARIABLE             1        2        3        4        5
c               0.0771  -0.2639  -0.1068  -0.1126   0.0998
h               0.4389   0.1118   0.3490   0.4924  -0.1752
k               0.9637   0.9416   0.8649   0.0320  -0.3975
x               0.4281   0.1352   0.4122   0.3979  -0.2392
y               0.2683  -0.1419   0.2576   0.5675  -0.1371
w              -0.1281  -0.6861   0.0818   0.6693  -0.1324
r               0.5055   0.2149   0.3973   0.4511  -0.2043
p_hat          -0.0160  -0.3160  -0.0678  -0.0752   0.1623
z               0.3335  -0.0426   0.3028   0.5271  -0.1665
g               0.0462  -0.0492   0.1674  -0.3972  -0.0019
k_state         0.9830   1.0459   0.9254   0.0892  -0.3659
log_y           0.3438  -0.0270   0.3002   0.5291  -0.1584
log_c           0.0300  -0.2913  -0.0878  -0.0935   0.1327
log_x           0.5672   0.3624   0.4929   0.3215  -0.2630
log_h           0.4659   0.1580   0.3684   0.4766  -0.1843
log_k_state     0.9757   1.0341   0.9425   0.1086  -0.3666
log_prod       -0.1112  -0.6699   0.0945   0.6880  -0.1116
log_p_hat       0.0300  -0.2913  -0.0878  -0.0935   0.1327



VARIANCE DECOMPOSITION SIMULATING ONE SHOCK AT A TIME (in percent) (HP filter, lambda = 1600)
                        epsilon                xi  Tot. lin. contr.
c                        231.13             65.51            296.64
h                        164.71              0.19            164.90
k                        349.49              0.37            349.86
x                        165.59              1.90            167.49
y                        242.57              0.08            242.64
w                        854.93              0.95            855.87
r                        133.96              0.03            133.99
p_hat                    214.41             67.18            281.59
z                        208.63              0.00            208.63
g                          0.00             79.55             79.55
k_state                  206.31              0.19            206.51
log_y                    209.36              0.07            209.43
log_c                    223.43             66.54            289.97
log_x                    152.92              1.90            154.82
log_h                    167.83              0.19            168.02
log_k_state              184.91              0.19            185.10
log_prod                 740.90              0.86            741.76
log_p_hat                223.43             66.54            289.97
Note: numbers do not add up to 100 due to i) non-zero correlation of simulated shocks in small samples and ii) nonlinearity

Total computing time : 0h00m08s
Note: warning(s) encountered in MATLAB/Octave code
